2025-11-13 12:07:07,687 INFO  a.e.u.f.m.MsTarifasCostosApplication [main] - Starting MsTarifasCostosApplication using Java 21.0.3 with PID 3412 (C:\Users\54266\Desktop\prueba\backend-tpi-grupo7\ms-tarifas-costos\target\classes started by Luz  Melanie Tito in C:\Users\54266\Desktop\prueba\backend-tpi-grupo7\ms-tarifas-costos)
2025-11-13 12:07:07,687 DEBUG a.e.u.f.m.MsTarifasCostosApplication [main] - Running with Spring Boot v3.5.7, Spring v6.2.12
2025-11-13 12:07:07,688 INFO  a.e.u.f.m.MsTarifasCostosApplication [main] - No active profile set, falling back to 1 default profile: "default"
2025-11-13 12:07:11,839 INFO  a.e.u.f.m.MsTarifasCostosApplication [main] - Started MsTarifasCostosApplication in 4.591 seconds (process running for 4.854)
2025-11-13 12:07:16,851 INFO  a.e.u.f.m.timer.LogJobs [scheduling-1] - Tick OK [Tarifas - 2025-11-13T12:07:16.851690100]
2025-11-13 12:07:21,869 ERROR a.e.u.f.m.timer.LogJobs [scheduling-1] - Tick ERROR [Tarifas - 2025-11-13T12:07:21.869745700]
2025-11-13 12:07:26,885 INFO  a.e.u.f.m.timer.LogJobs [scheduling-1] - Tick OK [Tarifas - 2025-11-13T12:07:26.885529500]
2025-11-13 12:07:27,214 WARN  a.e.u.f.m.c.LogDemoController [http-nio-8085-exec-1] - Log WARN desde Tarifas: cuidado
2025-11-13 12:07:31,897 ERROR a.e.u.f.m.timer.LogJobs [scheduling-1] - Tick ERROR [Tarifas - 2025-11-13T12:07:31.897443200]
2025-11-13 12:07:35,408 INFO  a.e.u.f.m.c.LogDemoController [http-nio-8085-exec-3] - Log INFO desde Tarifas: hola
2025-11-13 12:07:36,913 INFO  a.e.u.f.m.timer.LogJobs [scheduling-1] - Tick OK [Tarifas - 2025-11-13T12:07:36.913320400]
2025-11-13 12:07:41,925 INFO  a.e.u.f.m.timer.LogJobs [scheduling-1] - Tick OK [Tarifas - 2025-11-13T12:07:41.925677200]
2025-11-13 12:08:58,119 INFO  a.e.u.f.m.MsTarifasCostosApplication [main] - Starting MsTarifasCostosApplication using Java 21.0.3 with PID 37436 (C:\Users\54266\Desktop\prueba\backend-tpi-grupo7\ms-tarifas-costos\target\classes started by Luz  Melanie Tito in C:\Users\54266\Desktop\prueba\backend-tpi-grupo7\ms-tarifas-costos)
2025-11-13 12:08:58,119 DEBUG a.e.u.f.m.MsTarifasCostosApplication [main] - Running with Spring Boot v3.5.7, Spring v6.2.12
2025-11-13 12:08:58,120 INFO  a.e.u.f.m.MsTarifasCostosApplication [main] - No active profile set, falling back to 1 default profile: "default"
2025-11-13 12:09:01,660 INFO  a.e.u.f.m.MsTarifasCostosApplication [main] - Started MsTarifasCostosApplication in 4.016 seconds (process running for 4.283)
2025-11-13 12:09:06,673 INFO  a.e.u.f.m.timer.LogJobs [scheduling-1] - Tick OK [Tarifas - 2025-11-13T12:09:06.673964200]
2025-11-13 12:09:11,687 ERROR a.e.u.f.m.timer.LogJobs [scheduling-1] - Tick ERROR [Tarifas - 2025-11-13T12:09:11.687956200]
2025-11-13 12:09:16,693 ERROR a.e.u.f.m.timer.LogJobs [scheduling-1] - Tick ERROR [Tarifas - 2025-11-13T12:09:16.693406800]
2025-11-13 12:09:21,702 ERROR a.e.u.f.m.timer.LogJobs [scheduling-1] - Tick ERROR [Tarifas - 2025-11-13T12:09:21.702916300]
2025-11-13 12:09:26,705 ERROR a.e.u.f.m.timer.LogJobs [scheduling-1] - Tick ERROR [Tarifas - 2025-11-13T12:09:26.705472600]
2025-11-13 12:09:31,715 ERROR a.e.u.f.m.timer.LogJobs [scheduling-1] - Tick ERROR [Tarifas - 2025-11-13T12:09:31.714962]
2025-11-13 12:09:36,721 INFO  a.e.u.f.m.timer.LogJobs [scheduling-1] - Tick OK [Tarifas - 2025-11-13T12:09:36.721004900]
2025-11-13 12:10:28,751 INFO  a.e.u.f.m.MsTarifasCostosApplication [main] - Starting MsTarifasCostosApplication using Java 21.0.3 with PID 8972 (C:\Users\54266\Desktop\prueba\backend-tpi-grupo7\ms-tarifas-costos\target\classes started by Luz  Melanie Tito in C:\Users\54266\Desktop\prueba\backend-tpi-grupo7\ms-tarifas-costos)
2025-11-13 12:10:28,752 DEBUG a.e.u.f.m.MsTarifasCostosApplication [main] - Running with Spring Boot v3.5.7, Spring v6.2.12
2025-11-13 12:10:28,753 INFO  a.e.u.f.m.MsTarifasCostosApplication [main] - No active profile set, falling back to 1 default profile: "default"
2025-11-13 12:10:31,598 INFO  a.e.u.f.m.MsTarifasCostosApplication [main] - Started MsTarifasCostosApplication in 3.336 seconds (process running for 3.573)
2025-11-13 12:10:36,618 INFO  a.e.u.f.m.timer.LogJobs [scheduling-1] - Tick OK [Tarifas - 2025-11-13T12:10:36.618757200]
2025-11-13 12:10:39,381 INFO  a.e.u.f.m.c.LogDemoController [http-nio-8085-exec-1] - Log INFO desde Tarifas: hola
2025-11-13 12:10:41,631 INFO  a.e.u.f.m.timer.LogJobs [scheduling-1] - Tick OK [Tarifas - 2025-11-13T12:10:41.631365300]
2025-11-13 12:10:46,633 ERROR a.e.u.f.m.timer.LogJobs [scheduling-1] - Tick ERROR [Tarifas - 2025-11-13T12:10:46.633122]
2025-11-13 12:10:51,640 INFO  a.e.u.f.m.timer.LogJobs [scheduling-1] - Tick OK [Tarifas - 2025-11-13T12:10:51.640235900]
2025-11-13 12:10:56,655 INFO  a.e.u.f.m.timer.LogJobs [scheduling-1] - Tick OK [Tarifas - 2025-11-13T12:10:56.655957400]
2025-11-13 12:14:22,718 INFO  a.e.u.f.m.MsTarifasCostosApplication [main] - Starting MsTarifasCostosApplication using Java 21.0.3 with PID 17604 (C:\Users\54266\Desktop\prueba\backend-tpi-grupo7\ms-tarifas-costos\target\classes started by Luz  Melanie Tito in C:\Users\54266\Desktop\prueba\backend-tpi-grupo7\ms-tarifas-costos)
2025-11-13 12:14:22,720 DEBUG a.e.u.f.m.MsTarifasCostosApplication [main] - Running with Spring Boot v3.5.7, Spring v6.2.12
2025-11-13 12:14:22,720 INFO  a.e.u.f.m.MsTarifasCostosApplication [main] - No active profile set, falling back to 1 default profile: "default"
2025-11-13 12:14:26,270 INFO  a.e.u.f.m.MsTarifasCostosApplication [main] - Started MsTarifasCostosApplication in 4.012 seconds (process running for 4.27)
2025-11-13 12:14:31,284 INFO  a.e.u.f.m.timer.LogJobs [scheduling-1] - Tick OK [Tarifas - 2025-11-13T12:14:31.284907700]
2025-11-13 12:14:34,445 INFO  a.e.u.f.m.c.LogDemoController [http-nio-8085-exec-3] - Log INFO tarifas: hola
2025-11-13 12:14:36,300 ERROR a.e.u.f.m.timer.LogJobs [scheduling-1] - Tick ERROR [Tarifas - 2025-11-13T12:14:36.300289600]
2025-11-13 12:14:41,308 INFO  a.e.u.f.m.timer.LogJobs [scheduling-1] - Tick OK [Tarifas - 2025-11-13T12:14:41.308929300]
2025-11-13 12:14:42,704 WARN  a.e.u.f.m.c.LogDemoController [http-nio-8085-exec-2] - Log WARN tarifas: hola
2025-11-13 12:14:46,324 INFO  a.e.u.f.m.timer.LogJobs [scheduling-1] - Tick OK [Tarifas - 2025-11-13T12:14:46.324944300]
2025-11-13 12:14:49,672 ERROR a.e.u.f.m.c.LogDemoController [http-nio-8085-exec-5] - Log ERROR tarifas: hola
2025-11-13 12:14:51,341 INFO  a.e.u.f.m.timer.LogJobs [scheduling-1] - Tick OK [Tarifas - 2025-11-13T12:14:51.341426900]
2025-11-13 12:14:56,356 INFO  a.e.u.f.m.timer.LogJobs [scheduling-1] - Tick OK [Tarifas - 2025-11-13T12:14:56.356900700]
2025-11-13 12:15:01,366 INFO  a.e.u.f.m.timer.LogJobs [scheduling-1] - Tick OK [Tarifas - 2025-11-13T12:15:01.366192]
2025-11-13 12:15:06,369 INFO  a.e.u.f.m.timer.LogJobs [scheduling-1] - Tick OK [Tarifas - 2025-11-13T12:15:06.368625300]
2025-11-13 12:15:11,381 INFO  a.e.u.f.m.timer.LogJobs [scheduling-1] - Tick OK [Tarifas - 2025-11-13T12:15:11.381319]
2025-11-13 12:15:16,387 INFO  a.e.u.f.m.timer.LogJobs [scheduling-1] - Tick OK [Tarifas - 2025-11-13T12:15:16.387110100]
2025-11-13 12:15:20,826 INFO  a.e.u.f.m.c.LogDemoController [http-nio-8085-exec-6] - Log INFO tarifas: hola
2025-11-13 12:15:21,390 INFO  a.e.u.f.m.timer.LogJobs [scheduling-1] - Tick OK [Tarifas - 2025-11-13T12:15:21.390444200]
2025-11-13 12:15:26,402 INFO  a.e.u.f.m.timer.LogJobs [scheduling-1] - Tick OK [Tarifas - 2025-11-13T12:15:26.402233700]
2025-11-13 12:15:29,361 WARN  a.e.u.f.m.c.LogDemoController [http-nio-8085-exec-9] - Log WARN tarifas: hola
2025-11-13 12:15:31,409 ERROR a.e.u.f.m.timer.LogJobs [scheduling-1] - Tick ERROR [Tarifas - 2025-11-13T12:15:31.409607900]
2025-11-13 12:15:36,421 INFO  a.e.u.f.m.timer.LogJobs [scheduling-1] - Tick OK [Tarifas - 2025-11-13T12:15:36.421040100]
2025-11-13 12:15:37,828 ERROR a.e.u.f.m.c.LogDemoController [http-nio-8085-exec-8] - Log ERROR tarifas: hola
2025-11-13 12:15:41,425 INFO  a.e.u.f.m.timer.LogJobs [scheduling-1] - Tick OK [Tarifas - 2025-11-13T12:15:41.425984]
2025-11-13 16:12:17,934 INFO  a.e.u.f.m.MsTarifasCostosApplication [main] - Starting MsTarifasCostosApplication using Java 21.0.3 with PID 21336 (C:\Users\54266\Desktop\prueba\backend-tpi-grupo7\ms-tarifas-costos\target\classes started by Luz  Melanie Tito in C:\Users\54266\Desktop\prueba\backend-tpi-grupo7\ms-tarifas-costos)
2025-11-13 16:12:17,935 DEBUG a.e.u.f.m.MsTarifasCostosApplication [main] - Running with Spring Boot v3.5.7, Spring v6.2.12
2025-11-13 16:12:17,936 INFO  a.e.u.f.m.MsTarifasCostosApplication [main] - No active profile set, falling back to 1 default profile: "default"
2025-11-13 16:12:26,988 INFO  a.e.u.f.m.MsTarifasCostosApplication [main] - Started MsTarifasCostosApplication in 10.266 seconds (process running for 10.858)
2025-11-13 16:12:27,398 INFO  a.e.u.f.m.c.LogDemoController [http-nio-8085-exec-1] - Log INFO tarifas: hola
2025-11-13 16:12:31,993 ERROR a.e.u.f.m.timer.LogJobs [scheduling-1] - Tick ERROR [Tarifas - 2025-11-13T16:12:31.993486600]
2025-11-13 16:12:37,000 ERROR a.e.u.f.m.timer.LogJobs [scheduling-1] - Tick ERROR [Tarifas - 2025-11-13T16:12:37.000175600]
2025-11-13 16:32:03,704 INFO  a.e.u.f.m.MsTarifasCostosApplication [main] - Starting MsTarifasCostosApplication using Java 21.0.3 with PID 27580 (C:\Users\54266\Desktop\prueba\backend-tpi-grupo7\ms-tarifas-costos\target\classes started by Luz  Melanie Tito in C:\Users\54266\Desktop\prueba\backend-tpi-grupo7\ms-tarifas-costos)
2025-11-13 16:32:03,705 DEBUG a.e.u.f.m.MsTarifasCostosApplication [main] - Running with Spring Boot v3.5.7, Spring v6.2.12
2025-11-13 16:32:03,705 INFO  a.e.u.f.m.MsTarifasCostosApplication [main] - No active profile set, falling back to 1 default profile: "default"
2025-11-13 16:32:07,820 INFO  a.e.u.f.m.MsTarifasCostosApplication [main] - Started MsTarifasCostosApplication in 4.725 seconds (process running for 5.005)
2025-11-13 16:32:12,836 INFO  a.e.u.f.m.timer.LogJobs [scheduling-1] - Tick OK [Tarifas - 2025-11-13T16:32:12.836551900]
2025-11-13 16:32:15,240 INFO  a.e.u.f.m.c.LogDemoController [http-nio-8085-exec-1] - Log INFO desde ms-tarifas-costos: hola
2025-11-13 16:32:17,845 INFO  a.e.u.f.m.timer.LogJobs [scheduling-1] - Tick OK [Tarifas - 2025-11-13T16:32:17.845875500]
2025-11-13 16:32:22,576 WARN  a.e.u.f.m.c.LogDemoController [http-nio-8085-exec-3] - Log WARN desde ms-tarifas-costos: hola
2025-11-13 16:32:22,860 INFO  a.e.u.f.m.timer.LogJobs [scheduling-1] - Tick OK [Tarifas - 2025-11-13T16:32:22.860889900]
2025-11-13 16:32:27,876 INFO  a.e.u.f.m.timer.LogJobs [scheduling-1] - Tick OK [Tarifas - 2025-11-13T16:32:27.876275400]
2025-11-13 16:32:30,082 ERROR a.e.u.f.m.c.LogDemoController [http-nio-8085-exec-4] - Log ERROR desde ms-tarifas-costos: hol
2025-11-13 16:32:32,882 INFO  a.e.u.f.m.timer.LogJobs [scheduling-1] - Tick OK [Tarifas - 2025-11-13T16:32:32.882940900]
2025-11-13 17:29:16,495 INFO  a.e.u.f.m.MsTarifasCostosApplication [main] - Starting MsTarifasCostosApplication using Java 21.0.3 with PID 9244 (C:\Users\54266\Desktop\prueba\backend-tpi-grupo7\ms-tarifas-costos\target\classes started by Luz  Melanie Tito in C:\Users\54266\Desktop\prueba\backend-tpi-grupo7\ms-tarifas-costos)
2025-11-13 17:29:16,495 DEBUG a.e.u.f.m.MsTarifasCostosApplication [main] - Running with Spring Boot v3.3.4, Spring v6.1.13
2025-11-13 17:29:16,496 INFO  a.e.u.f.m.MsTarifasCostosApplication [main] - No active profile set, falling back to 1 default profile: "default"
2025-11-13 17:29:19,746 INFO  a.e.u.f.m.MsTarifasCostosApplication [main] - Started MsTarifasCostosApplication in 3.612 seconds (process running for 3.823)
2025-11-13 17:29:24,754 INFO  a.e.u.f.m.timer.LogJobs [scheduling-1] - Tick OK [Tarifas - 2025-11-13T17:29:24.754784300]
2025-11-13 17:29:29,757 ERROR a.e.u.f.m.timer.LogJobs [scheduling-1] - Tick ERROR [Tarifas - 2025-11-13T17:29:29.757852400]
2025-11-13 17:29:34,773 INFO  a.e.u.f.m.timer.LogJobs [scheduling-1] - Tick OK [Tarifas - 2025-11-13T17:29:34.773592900]
2025-11-13 17:29:39,787 ERROR a.e.u.f.m.timer.LogJobs [scheduling-1] - Tick ERROR [Tarifas - 2025-11-13T17:29:39.787629700]
2025-11-13 17:31:42,590 INFO  a.e.u.f.m.MsTarifasCostosApplication [main] - Starting MsTarifasCostosApplication using Java 21.0.3 with PID 5552 (C:\Users\54266\Desktop\prueba\backend-tpi-grupo7\ms-tarifas-costos\target\classes started by Luz  Melanie Tito in C:\Users\54266\Desktop\prueba\backend-tpi-grupo7\ms-tarifas-costos)
2025-11-13 17:31:42,596 DEBUG a.e.u.f.m.MsTarifasCostosApplication [main] - Running with Spring Boot v3.3.4, Spring v6.1.13
2025-11-13 17:31:42,597 INFO  a.e.u.f.m.MsTarifasCostosApplication [main] - No active profile set, falling back to 1 default profile: "default"
2025-11-13 17:31:45,780 INFO  a.e.u.f.m.MsTarifasCostosApplication [main] - Started MsTarifasCostosApplication in 4.263 seconds (process running for 4.484)
2025-11-13 17:31:50,787 INFO  a.e.u.f.m.timer.LogJobs [scheduling-1] - Tick OK [Tarifas - 2025-11-13T17:31:50.787893600]
2025-11-13 17:31:55,797 INFO  a.e.u.f.m.timer.LogJobs [scheduling-1] - Tick OK [Tarifas - 2025-11-13T17:31:55.797818]
2025-11-13 17:33:31,080 INFO  a.e.u.f.m.MsTarifasCostosApplicationTests [main] - Starting MsTarifasCostosApplicationTests using Java 21.0.3 with PID 21984 (started by Luz  Melanie Tito in C:\Users\54266\Desktop\prueba\backend-tpi-grupo7\ms-tarifas-costos)
2025-11-13 17:33:31,080 DEBUG a.e.u.f.m.MsTarifasCostosApplicationTests [main] - Running with Spring Boot v3.5.7, Spring v6.2.12
2025-11-13 17:33:31,080 INFO  a.e.u.f.m.MsTarifasCostosApplicationTests [main] - No active profile set, falling back to 1 default profile: "default"
2025-11-13 17:33:35,145 INFO  a.e.u.f.m.MsTarifasCostosApplicationTests [main] - Started MsTarifasCostosApplicationTests in 4.386 seconds (process running for 5.12)
2025-11-13 17:34:00,772 INFO  a.e.u.f.m.MsTarifasCostosApplication [main] - Starting MsTarifasCostosApplication using Java 21.0.3 with PID 20328 (C:\Users\54266\Desktop\prueba\backend-tpi-grupo7\ms-tarifas-costos\target\classes started by Luz  Melanie Tito in C:\Users\54266\Desktop\prueba\backend-tpi-grupo7\ms-tarifas-costos)
2025-11-13 17:34:00,773 DEBUG a.e.u.f.m.MsTarifasCostosApplication [main] - Running with Spring Boot v3.5.7, Spring v6.2.12
2025-11-13 17:34:00,773 INFO  a.e.u.f.m.MsTarifasCostosApplication [main] - No active profile set, falling back to 1 default profile: "default"
2025-11-13 17:34:03,408 INFO  a.e.u.f.m.MsTarifasCostosApplication [main] - Started MsTarifasCostosApplication in 3.004 seconds (process running for 3.224)
2025-11-13 17:34:08,421 ERROR a.e.u.f.m.timer.LogJobs [scheduling-1] - Tick ERROR [Tarifas - 2025-11-13T17:34:08.421964100]
2025-11-13 17:34:13,440 INFO  a.e.u.f.m.timer.LogJobs [scheduling-1] - Tick OK [Tarifas - 2025-11-13T17:34:13.440733700]
2025-11-13 17:34:18,447 INFO  a.e.u.f.m.timer.LogJobs [scheduling-1] - Tick OK [Tarifas - 2025-11-13T17:34:18.447526500]
2025-11-13 17:34:23,461 INFO  a.e.u.f.m.timer.LogJobs [scheduling-1] - Tick OK [Tarifas - 2025-11-13T17:34:23.461394500]
2025-11-13 19:14:51,372 INFO  a.e.u.f.m.MsTarifasCostosApplication [main] - Starting MsTarifasCostosApplication using Java 21.0.3 with PID 21284 (C:\Users\54266\Desktop\prueba\backend-tpi-grupo7\ms-tarifas-costos\target\classes started by Luz  Melanie Tito in C:\Users\54266\Desktop\prueba\backend-tpi-grupo7\ms-tarifas-costos)
2025-11-13 19:14:51,375 DEBUG a.e.u.f.m.MsTarifasCostosApplication [main] - Running with Spring Boot v3.5.7, Spring v6.2.12
2025-11-13 19:14:51,376 INFO  a.e.u.f.m.MsTarifasCostosApplication [main] - No active profile set, falling back to 1 default profile: "default"
2025-11-13 19:14:59,816 INFO  a.e.u.f.m.MsTarifasCostosApplication [main] - Started MsTarifasCostosApplication in 9.037 seconds (process running for 9.339)
2025-11-13 19:15:04,836 ERROR a.e.u.f.m.timer.LogJobs [scheduling-1] - Tick ERROR [Tarifas - 2025-11-13T19:15:04.836121100]
2025-11-13 19:15:09,852 INFO  a.e.u.f.m.timer.LogJobs [scheduling-1] - Tick OK [Tarifas - 2025-11-13T19:15:09.852770300]
2025-11-13 19:26:13,650 INFO  a.e.u.f.m.MsTarifasCostosApplicationTests [main] - Starting MsTarifasCostosApplicationTests using Java 21.0.3 with PID 8344 (started by Luz  Melanie Tito in C:\Users\54266\Desktop\prueba\backend-tpi-grupo7\ms-tarifas-costos)
2025-11-13 19:26:13,651 DEBUG a.e.u.f.m.MsTarifasCostosApplicationTests [main] - Running with Spring Boot v3.5.7, Spring v6.2.12
2025-11-13 19:26:13,652 INFO  a.e.u.f.m.MsTarifasCostosApplicationTests [main] - No active profile set, falling back to 1 default profile: "default"
2025-11-13 19:26:19,290 INFO  a.e.u.f.m.MsTarifasCostosApplicationTests [main] - Started MsTarifasCostosApplicationTests in 6.155 seconds (process running for 7.22)
2025-11-13 19:28:02,171 INFO  a.e.u.f.m.MsTarifasCostosApplication [main] - Starting MsTarifasCostosApplication using Java 21.0.3 with PID 10748 (C:\Users\54266\Desktop\prueba\backend-tpi-grupo7\ms-tarifas-costos\target\classes started by Luz  Melanie Tito in C:\Users\54266\Desktop\prueba\backend-tpi-grupo7\ms-tarifas-costos)
2025-11-13 19:28:02,172 DEBUG a.e.u.f.m.MsTarifasCostosApplication [main] - Running with Spring Boot v3.5.7, Spring v6.2.12
2025-11-13 19:28:02,173 INFO  a.e.u.f.m.MsTarifasCostosApplication [main] - No active profile set, falling back to 1 default profile: "default"
2025-11-13 19:28:06,390 INFO  a.e.u.f.m.MsTarifasCostosApplication [main] - Started MsTarifasCostosApplication in 4.755 seconds (process running for 4.981)
2025-11-13 19:28:11,416 ERROR a.e.u.f.m.timer.LogJobs [scheduling-1] - Tick ERROR [Tarifas - 2025-11-13T19:28:11.416648]
2025-11-13 19:28:16,428 INFO  a.e.u.f.m.timer.LogJobs [scheduling-1] - Tick OK [Tarifas - 2025-11-13T19:28:16.428388200]
2025-11-13 19:45:30,197 INFO  a.e.u.f.m.MsTarifasCostosApplication [main] - Starting MsTarifasCostosApplication using Java 21.0.3 with PID 2188 (C:\Users\54266\Desktop\prueba\backend-tpi-grupo7\ms-tarifas-costos\target\classes started by Luz  Melanie Tito in C:\Users\54266\Desktop\prueba\backend-tpi-grupo7\ms-tarifas-costos)
2025-11-13 19:45:30,198 DEBUG a.e.u.f.m.MsTarifasCostosApplication [main] - Running with Spring Boot v3.3.4, Spring v6.1.13
2025-11-13 19:45:30,199 INFO  a.e.u.f.m.MsTarifasCostosApplication [main] - No active profile set, falling back to 1 default profile: "default"
2025-11-13 19:45:35,393 INFO  a.e.u.f.m.MsTarifasCostosApplication [main] - Started MsTarifasCostosApplication in 5.736 seconds (process running for 6.062)
2025-11-13 19:45:40,420 INFO  a.e.u.f.m.timer.LogJobs [scheduling-1] - Tick OK [Tarifas - 2025-11-13T19:45:40.420230100]
2025-11-13 19:45:45,427 ERROR a.e.u.f.m.timer.LogJobs [scheduling-1] - Tick ERROR [Tarifas - 2025-11-13T19:45:45.427637600]
2025-11-13 19:48:17,688 INFO  a.e.u.f.m.MsTarifasCostosApplication [main] - Starting MsTarifasCostosApplication using Java 21.0.3 with PID 15316 (C:\Users\54266\Desktop\prueba\backend-tpi-grupo7\ms-tarifas-costos\target\classes started by Luz  Melanie Tito in C:\Users\54266\Desktop\prueba\backend-tpi-grupo7\ms-tarifas-costos)
2025-11-13 19:48:17,690 DEBUG a.e.u.f.m.MsTarifasCostosApplication [main] - Running with Spring Boot v3.3.4, Spring v6.1.13
2025-11-13 19:48:17,693 INFO  a.e.u.f.m.MsTarifasCostosApplication [main] - No active profile set, falling back to 1 default profile: "default"
2025-11-13 19:48:22,556 INFO  a.e.u.f.m.MsTarifasCostosApplication [main] - Started MsTarifasCostosApplication in 6.162 seconds (process running for 6.878)
2025-11-13 19:48:25,889 INFO  a.e.u.f.m.c.LogDemoController [http-nio-8085-exec-1] - Log INFO desde ms-tarifas-costos: hola
2025-11-13 19:48:27,561 INFO  a.e.u.f.m.timer.LogJobs [scheduling-1] - Tick OK [Tarifas - 2025-11-13T19:48:27.561752500]
2025-11-13 19:48:32,570 INFO  a.e.u.f.m.timer.LogJobs [scheduling-1] - Tick OK [Tarifas - 2025-11-13T19:48:32.570805500]
2025-11-13 19:48:37,580 ERROR a.e.u.f.m.timer.LogJobs [scheduling-1] - Tick ERROR [Tarifas - 2025-11-13T19:48:37.580421700]
2025-11-13 19:48:42,593 ERROR a.e.u.f.m.timer.LogJobs [scheduling-1] - Tick ERROR [Tarifas - 2025-11-13T19:48:42.593430600]
2025-11-13 19:48:42,733 WARN  a.e.u.f.m.c.LogDemoController [http-nio-8085-exec-2] - Log WARN desde ms-tarifas-costos: hola
2025-11-13 19:48:47,600 ERROR a.e.u.f.m.timer.LogJobs [scheduling-1] - Tick ERROR [Tarifas - 2025-11-13T19:48:47.600877900]
2025-11-13 20:01:47,548 INFO  a.e.u.f.m.MsTarifasCostosApplication [main] - Starting MsTarifasCostosApplication using Java 21.0.3 with PID 22272 (C:\Users\54266\Desktop\prueba\backend-tpi-grupo7\ms-tarifas-costos\target\classes started by Luz  Melanie Tito in C:\Users\54266\Desktop\prueba\backend-tpi-grupo7\ms-tarifas-costos)
2025-11-13 20:01:47,549 DEBUG a.e.u.f.m.MsTarifasCostosApplication [main] - Running with Spring Boot v3.3.4, Spring v6.1.13
2025-11-13 20:01:47,550 INFO  a.e.u.f.m.MsTarifasCostosApplication [main] - No active profile set, falling back to 1 default profile: "default"
2025-11-13 20:01:54,221 INFO  a.e.u.f.m.MsTarifasCostosApplication [main] - Started MsTarifasCostosApplication in 7.353 seconds (process running for 7.707)
2025-11-13 20:01:59,216 INFO  a.e.u.f.m.timer.LogJobs [scheduling-1] - Tick OK [Tarifas - 2025-11-13T20:01:59.216678600]
2025-11-13 20:02:04,233 INFO  a.e.u.f.m.timer.LogJobs [scheduling-1] - Tick OK [Tarifas - 2025-11-13T20:02:04.233076500]
