2025-11-14 00:17:35,382 INFO  a.e.u.f.m.MsRutasTramosApplication [main] - Starting MsRutasTramosApplication using Java 21.0.3 with PID 19940 (C:\Users\54266\Desktop\prueba\backend-tpi-grupo7\ms-rutas-tramos\target\classes started by Luz  Melanie Tito in C:\Users\54266\Desktop\prueba\backend-tpi-grupo7\ms-rutas-tramos)
2025-11-14 00:17:35,401 DEBUG a.e.u.f.m.MsRutasTramosApplication [main] - Running with Spring Boot v3.4.0, Spring v6.2.0
2025-11-14 00:17:35,404 INFO  a.e.u.f.m.MsRutasTramosApplication [main] - No active profile set, falling back to 1 default profile: "default"
2025-11-14 00:17:38,812 INFO  a.e.u.f.m.MsRutasTramosApplication [main] - Started MsRutasTramosApplication in 4.893 seconds (process running for 5.621)
2025-11-14 00:17:38,818 ERROR a.e.u.f.msrutastramos.timer.LogJobs [scheduling-1] - Tick ERROR [RutasTramos - 2025-11-14T00:17:38.818170800]
2025-11-14 00:17:43,817 INFO  a.e.u.f.msrutastramos.timer.LogJobs [scheduling-1] - Tick OK [RutasTramos - 2025-11-14T00:17:43.817863500]
2025-11-14 00:17:48,819 INFO  a.e.u.f.msrutastramos.timer.LogJobs [scheduling-1] - Tick OK [RutasTramos - 2025-11-14T00:17:48.819753400]
2025-11-14 00:17:53,815 INFO  a.e.u.f.msrutastramos.timer.LogJobs [scheduling-1] - Tick OK [RutasTramos - 2025-11-14T00:17:53.815229600]
2025-11-14 00:17:58,814 INFO  a.e.u.f.msrutastramos.timer.LogJobs [scheduling-1] - Tick OK [RutasTramos - 2025-11-14T00:17:58.814976800]
2025-11-14 00:18:03,814 ERROR a.e.u.f.msrutastramos.timer.LogJobs [scheduling-1] - Tick ERROR [RutasTramos - 2025-11-14T00:18:03.814681100]
2025-11-14 00:18:08,811 ERROR a.e.u.f.msrutastramos.timer.LogJobs [scheduling-1] - Tick ERROR [RutasTramos - 2025-11-14T00:18:08.811191100]
2025-11-14 00:18:13,824 INFO  a.e.u.f.msrutastramos.timer.LogJobs [scheduling-1] - Tick OK [RutasTramos - 2025-11-14T00:18:13.824378600]
2025-11-14 00:18:18,816 INFO  a.e.u.f.msrutastramos.timer.LogJobs [scheduling-1] - Tick OK [RutasTramos - 2025-11-14T00:18:18.816216500]
2025-11-14 00:18:23,816 ERROR a.e.u.f.msrutastramos.timer.LogJobs [scheduling-1] - Tick ERROR [RutasTramos - 2025-11-14T00:18:23.816181400]
2025-11-14 00:19:35,800 INFO  a.e.u.f.m.MsRutasTramosApplication [main] - Starting MsRutasTramosApplication using Java 21.0.3 with PID 26044 (C:\Users\54266\Desktop\prueba\backend-tpi-grupo7\ms-rutas-tramos\target\classes started by Luz  Melanie Tito in C:\Users\54266\Desktop\prueba\backend-tpi-grupo7\ms-rutas-tramos)
2025-11-14 00:19:35,803 DEBUG a.e.u.f.m.MsRutasTramosApplication [main] - Running with Spring Boot v3.4.0, Spring v6.2.0
2025-11-14 00:19:35,805 INFO  a.e.u.f.m.MsRutasTramosApplication [main] - No active profile set, falling back to 1 default profile: "default"
2025-11-14 00:19:42,115 INFO  a.e.u.f.m.MsRutasTramosApplication [main] - Started MsRutasTramosApplication in 7.553 seconds (process running for 8.278)
2025-11-14 00:19:42,121 INFO  a.e.u.f.msrutastramos.timer.LogJobs [scheduling-1] - Tick OK [RutasTramos - 2025-11-14T00:19:42.121292500]
2025-11-14 00:19:47,119 INFO  a.e.u.f.msrutastramos.timer.LogJobs [scheduling-1] - Tick OK [RutasTramos - 2025-11-14T00:19:47.119898300]
2025-11-14 00:19:52,120 INFO  a.e.u.f.msrutastramos.timer.LogJobs [scheduling-1] - Tick OK [RutasTramos - 2025-11-14T00:19:52.120302700]
2025-11-14 00:19:57,120 INFO  a.e.u.f.msrutastramos.timer.LogJobs [scheduling-1] - Tick OK [RutasTramos - 2025-11-14T00:19:57.120026500]
2025-11-14 00:20:02,127 ERROR a.e.u.f.msrutastramos.timer.LogJobs [scheduling-1] - Tick ERROR [RutasTramos - 2025-11-14T00:20:02.127458]
2025-11-14 00:20:07,118 INFO  a.e.u.f.msrutastramos.timer.LogJobs [scheduling-1] - Tick OK [RutasTramos - 2025-11-14T00:20:07.118090500]
2025-11-14 00:20:12,119 INFO  a.e.u.f.msrutastramos.timer.LogJobs [scheduling-1] - Tick OK [RutasTramos - 2025-11-14T00:20:12.119720900]
2025-11-14 00:20:17,116 INFO  a.e.u.f.msrutastramos.timer.LogJobs [scheduling-1] - Tick OK [RutasTramos - 2025-11-14T00:20:17.116900]
2025-11-14 00:20:22,126 ERROR a.e.u.f.msrutastramos.timer.LogJobs [scheduling-1] - Tick ERROR [RutasTramos - 2025-11-14T00:20:22.126774200]
2025-11-14 00:20:27,123 INFO  a.e.u.f.msrutastramos.timer.LogJobs [scheduling-1] - Tick OK [RutasTramos - 2025-11-14T00:20:27.123092800]
2025-11-14 00:20:32,128 ERROR a.e.u.f.msrutastramos.timer.LogJobs [scheduling-1] - Tick ERROR [RutasTramos - 2025-11-14T00:20:32.128079100]
2025-11-14 00:20:37,126 ERROR a.e.u.f.msrutastramos.timer.LogJobs [scheduling-1] - Tick ERROR [RutasTramos - 2025-11-14T00:20:37.126426100]
2025-11-14 00:20:42,126 ERROR a.e.u.f.msrutastramos.timer.LogJobs [scheduling-1] - Tick ERROR [RutasTramos - 2025-11-14T00:20:42.126071500]
2025-11-14 00:20:47,119 ERROR a.e.u.f.msrutastramos.timer.LogJobs [scheduling-1] - Tick ERROR [RutasTramos - 2025-11-14T00:20:47.119191800]
2025-11-14 00:20:52,122 ERROR a.e.u.f.msrutastramos.timer.LogJobs [scheduling-1] - Tick ERROR [RutasTramos - 2025-11-14T00:20:52.122884200]
2025-11-14 00:20:57,121 ERROR a.e.u.f.msrutastramos.timer.LogJobs [scheduling-1] - Tick ERROR [RutasTramos - 2025-11-14T00:20:57.121087800]
2025-11-14 00:21:02,126 ERROR a.e.u.f.msrutastramos.timer.LogJobs [scheduling-1] - Tick ERROR [RutasTramos - 2025-11-14T00:21:02.126341800]
2025-11-14 00:21:07,123 INFO  a.e.u.f.msrutastramos.timer.LogJobs [scheduling-1] - Tick OK [RutasTramos - 2025-11-14T00:21:07.123324900]
2025-11-14 00:21:12,133 INFO  a.e.u.f.msrutastramos.timer.LogJobs [scheduling-1] - Tick OK [RutasTramos - 2025-11-14T00:21:12.133767400]
2025-11-14 00:21:17,119 ERROR a.e.u.f.msrutastramos.timer.LogJobs [scheduling-1] - Tick ERROR [RutasTramos - 2025-11-14T00:21:17.119446200]
2025-11-14 00:21:22,116 ERROR a.e.u.f.msrutastramos.timer.LogJobs [scheduling-1] - Tick ERROR [RutasTramos - 2025-11-14T00:21:22.116928600]
2025-11-14 00:21:27,128 ERROR a.e.u.f.msrutastramos.timer.LogJobs [scheduling-1] - Tick ERROR [RutasTramos - 2025-11-14T00:21:27.128129500]
2025-11-14 00:21:32,120 ERROR a.e.u.f.msrutastramos.timer.LogJobs [scheduling-1] - Tick ERROR [RutasTramos - 2025-11-14T00:21:32.120844700]
2025-11-14 00:21:37,122 INFO  a.e.u.f.msrutastramos.timer.LogJobs [scheduling-1] - Tick OK [RutasTramos - 2025-11-14T00:21:37.122635400]
2025-11-14 00:21:42,129 INFO  a.e.u.f.msrutastramos.timer.LogJobs [scheduling-1] - Tick OK [RutasTramos - 2025-11-14T00:21:42.129021]
2025-11-14 00:21:47,114 INFO  a.e.u.f.msrutastramos.timer.LogJobs [scheduling-1] - Tick OK [RutasTramos - 2025-11-14T00:21:47.114376700]
2025-11-14 00:21:52,120 INFO  a.e.u.f.msrutastramos.timer.LogJobs [scheduling-1] - Tick OK [RutasTramos - 2025-11-14T00:21:52.120634600]
2025-11-14 00:21:57,123 ERROR a.e.u.f.msrutastramos.timer.LogJobs [scheduling-1] - Tick ERROR [RutasTramos - 2025-11-14T00:21:57.122216400]
2025-11-14 00:22:02,120 INFO  a.e.u.f.msrutastramos.timer.LogJobs [scheduling-1] - Tick OK [RutasTramos - 2025-11-14T00:22:02.120008400]
2025-11-14 00:22:07,126 ERROR a.e.u.f.msrutastramos.timer.LogJobs [scheduling-1] - Tick ERROR [RutasTramos - 2025-11-14T00:22:07.126912900]
2025-11-14 00:22:12,122 ERROR a.e.u.f.msrutastramos.timer.LogJobs [scheduling-1] - Tick ERROR [RutasTramos - 2025-11-14T00:22:12.122049900]
2025-11-14 00:22:17,127 ERROR a.e.u.f.msrutastramos.timer.LogJobs [scheduling-1] - Tick ERROR [RutasTramos - 2025-11-14T00:22:17.127997400]
2025-11-14 00:22:22,122 ERROR a.e.u.f.msrutastramos.timer.LogJobs [scheduling-1] - Tick ERROR [RutasTramos - 2025-11-14T00:22:22.122970]
2025-11-14 00:22:27,125 ERROR a.e.u.f.msrutastramos.timer.LogJobs [scheduling-1] - Tick ERROR [RutasTramos - 2025-11-14T00:22:27.125944]
2025-11-14 00:22:32,126 INFO  a.e.u.f.msrutastramos.timer.LogJobs [scheduling-1] - Tick OK [RutasTramos - 2025-11-14T00:22:32.126818]
2025-11-14 00:22:37,129 INFO  a.e.u.f.msrutastramos.timer.LogJobs [scheduling-1] - Tick OK [RutasTramos - 2025-11-14T00:22:37.129673]
2025-11-14 00:22:42,123 ERROR a.e.u.f.msrutastramos.timer.LogJobs [scheduling-1] - Tick ERROR [RutasTramos - 2025-11-14T00:22:42.123610100]
2025-11-14 00:22:47,114 INFO  a.e.u.f.msrutastramos.timer.LogJobs [scheduling-1] - Tick OK [RutasTramos - 2025-11-14T00:22:47.114454200]
2025-11-14 00:22:52,121 INFO  a.e.u.f.msrutastramos.timer.LogJobs [scheduling-1] - Tick OK [RutasTramos - 2025-11-14T00:22:52.121919100]
2025-11-14 00:22:57,127 ERROR a.e.u.f.msrutastramos.timer.LogJobs [scheduling-1] - Tick ERROR [RutasTramos - 2025-11-14T00:22:57.127683]
2025-11-14 00:23:02,116 ERROR a.e.u.f.msrutastramos.timer.LogJobs [scheduling-1] - Tick ERROR [RutasTramos - 2025-11-14T00:23:02.116041800]
2025-11-14 00:23:07,122 ERROR a.e.u.f.msrutastramos.timer.LogJobs [scheduling-1] - Tick ERROR [RutasTramos - 2025-11-14T00:23:07.122142200]
2025-11-14 00:23:12,122 INFO  a.e.u.f.msrutastramos.timer.LogJobs [scheduling-1] - Tick OK [RutasTramos - 2025-11-14T00:23:12.122102300]
2025-11-14 00:23:17,122 ERROR a.e.u.f.msrutastramos.timer.LogJobs [scheduling-1] - Tick ERROR [RutasTramos - 2025-11-14T00:23:17.122260300]
2025-11-14 00:23:22,126 ERROR a.e.u.f.msrutastramos.timer.LogJobs [scheduling-1] - Tick ERROR [RutasTramos - 2025-11-14T00:23:22.125709800]
2025-11-14 00:23:27,117 INFO  a.e.u.f.msrutastramos.timer.LogJobs [scheduling-1] - Tick OK [RutasTramos - 2025-11-14T00:23:27.117549200]
2025-11-14 00:57:16,495 INFO  a.e.u.f.m.MsRutasTramosApplication [main] - Starting MsRutasTramosApplication using Java 21.0.3 with PID 25632 (C:\Users\54266\Desktop\prueba\backend-tpi-grupo7\ms-rutas-tramos\target\ms-rutas-tramos-1.0.0.jar started by Luz  Melanie Tito in C:\Users\54266\Desktop\prueba\backend-tpi-grupo7\ms-rutas-tramos)
2025-11-14 00:57:16,496 DEBUG a.e.u.f.m.MsRutasTramosApplication [main] - Running with Spring Boot v3.4.0, Spring v6.2.0
2025-11-14 00:57:16,497 INFO  a.e.u.f.m.MsRutasTramosApplication [main] - No active profile set, falling back to 1 default profile: "default"
