2025-11-13 11:59:57,085 INFO  a.e.u.f.m.MsRutasTramosApplication [main] - Starting MsRutasTramosApplication using Java 21.0.3 with PID 38904 (C:\Users\54266\Desktop\prueba\backend-tpi-grupo7\ms-rutas-tramos\target\classes started by Luz  Melanie Tito in C:\Users\54266\Desktop\prueba\backend-tpi-grupo7\ms-rutas-tramos)
2025-11-13 11:59:57,086 DEBUG a.e.u.f.m.MsRutasTramosApplication [main] - Running with Spring Boot v3.4.0, Spring v6.2.0
2025-11-13 11:59:57,087 INFO  a.e.u.f.m.MsRutasTramosApplication [main] - No active profile set, falling back to 1 default profile: "default"
2025-11-13 11:59:59,771 INFO  a.e.u.f.m.MsRutasTramosApplication [main] - Started MsRutasTramosApplication in 3.117 seconds (process running for 3.39)
2025-11-13 11:59:59,776 INFO  a.e.u.f.msrutastramos.timer.LogJobs [scheduling-1] - Tick OK [RutasTramos - 2025-11-13T11:59:59.776105400]
2025-11-13 12:00:04,780 ERROR a.e.u.f.msrutastramos.timer.LogJobs [scheduling-1] - Tick ERROR [RutasTramos - 2025-11-13T12:00:04.780389300]
2025-11-13 12:00:09,776 INFO  a.e.u.f.msrutastramos.timer.LogJobs [scheduling-1] - Tick OK [RutasTramos - 2025-11-13T12:00:09.776697600]
2025-11-13 12:00:14,782 INFO  a.e.u.f.msrutastramos.timer.LogJobs [scheduling-1] - Tick OK [RutasTramos - 2025-11-13T12:00:14.782926200]
2025-11-13 12:00:19,776 ERROR a.e.u.f.msrutastramos.timer.LogJobs [scheduling-1] - Tick ERROR [RutasTramos - 2025-11-13T12:00:19.776026400]
2025-11-13 12:00:24,780 ERROR a.e.u.f.msrutastramos.timer.LogJobs [scheduling-1] - Tick ERROR [RutasTramos - 2025-11-13T12:00:24.780945800]
2025-11-13 12:01:20,410 INFO  a.e.u.f.m.MsRutasTramosApplication [main] - Starting MsRutasTramosApplication using Java 21.0.3 with PID 18884 (C:\Users\54266\Desktop\prueba\backend-tpi-grupo7\ms-rutas-tramos\target\classes started by Luz  Melanie Tito in C:\Users\54266\Desktop\prueba\backend-tpi-grupo7\ms-rutas-tramos)
2025-11-13 12:01:20,411 DEBUG a.e.u.f.m.MsRutasTramosApplication [main] - Running with Spring Boot v3.4.0, Spring v6.2.0
2025-11-13 12:01:20,411 INFO  a.e.u.f.m.MsRutasTramosApplication [main] - No active profile set, falling back to 1 default profile: "default"
2025-11-13 12:01:22,724 INFO  a.e.u.f.m.MsRutasTramosApplication [main] - Started MsRutasTramosApplication in 2.686 seconds (process running for 2.89)
2025-11-13 12:01:22,729 ERROR a.e.u.f.msrutastramos.timer.LogJobs [scheduling-1] - Tick ERROR [RutasTramos - 2025-11-13T12:01:22.729654900]
2025-11-13 12:01:27,724 INFO  a.e.u.f.msrutastramos.timer.LogJobs [scheduling-1] - Tick OK [RutasTramos - 2025-11-13T12:01:27.724647900]
2025-11-13 12:01:30,293 INFO  a.e.u.f.m.c.LogDemoController [http-nio-8084-exec-1] - Log INFO desde ms-rutas-tramos
2025-11-13 12:01:32,727 INFO  a.e.u.f.msrutastramos.timer.LogJobs [scheduling-1] - Tick OK [RutasTramos - 2025-11-13T12:01:32.727472600]
2025-11-13 12:01:35,947 WARN  a.e.u.f.m.c.LogDemoController [http-nio-8084-exec-5] - Log WARN desde ms-rutas-tramos
2025-11-13 12:01:37,738 INFO  a.e.u.f.msrutastramos.timer.LogJobs [scheduling-1] - Tick OK [RutasTramos - 2025-11-13T12:01:37.738830200]
2025-11-13 12:01:41,867 ERROR a.e.u.f.m.c.LogDemoController [http-nio-8084-exec-9] - Log ERROR desde ms-rutas-tramos
2025-11-13 12:01:42,736 ERROR a.e.u.f.msrutastramos.timer.LogJobs [scheduling-1] - Tick ERROR [RutasTramos - 2025-11-13T12:01:42.736984300]
2025-11-13 12:01:47,728 ERROR a.e.u.f.msrutastramos.timer.LogJobs [scheduling-1] - Tick ERROR [RutasTramos - 2025-11-13T12:01:47.728167400]
2025-11-13 12:01:48,710 INFO  a.e.u.f.m.c.LogDemoController [http-nio-8084-exec-7] - Log INFO desde ms-rutas-tramos
2025-11-13 12:01:52,738 INFO  a.e.u.f.msrutastramos.timer.LogJobs [scheduling-1] - Tick OK [RutasTramos - 2025-11-13T12:01:52.738827300]
2025-11-13 12:01:55,197 WARN  a.e.u.f.m.c.LogDemoController [http-nio-8084-exec-8] - Log WARN desde ms-rutas-tramos
2025-11-13 12:01:57,736 ERROR a.e.u.f.msrutastramos.timer.LogJobs [scheduling-1] - Tick ERROR [RutasTramos - 2025-11-13T12:01:57.736451100]
2025-11-13 12:02:02,727 INFO  a.e.u.f.msrutastramos.timer.LogJobs [scheduling-1] - Tick OK [RutasTramos - 2025-11-13T12:02:02.727498]
2025-11-13 12:02:02,864 ERROR a.e.u.f.m.c.LogDemoController [http-nio-8084-exec-4] - Log ERROR desde ms-rutas-tramos
2025-11-13 12:02:07,729 INFO  a.e.u.f.msrutastramos.timer.LogJobs [scheduling-1] - Tick OK [RutasTramos - 2025-11-13T12:02:07.729728800]
2025-11-13 16:10:14,543 INFO  a.e.u.f.m.MsRutasTramosApplication [main] - Starting MsRutasTramosApplication using Java 21.0.3 with PID 560 (C:\Users\54266\Desktop\prueba\backend-tpi-grupo7\ms-rutas-tramos\target\classes started by Luz  Melanie Tito in C:\Users\54266\Desktop\prueba\backend-tpi-grupo7\ms-rutas-tramos)
2025-11-13 16:10:14,546 DEBUG a.e.u.f.m.MsRutasTramosApplication [main] - Running with Spring Boot v3.4.0, Spring v6.2.0
2025-11-13 16:10:14,547 INFO  a.e.u.f.m.MsRutasTramosApplication [main] - No active profile set, falling back to 1 default profile: "default"
2025-11-13 16:10:22,083 INFO  a.e.u.f.m.MsRutasTramosApplication [main] - Started MsRutasTramosApplication in 8.729 seconds (process running for 9.398)
2025-11-13 16:10:22,093 INFO  a.e.u.f.msrutastramos.timer.LogJobs [scheduling-1] - Tick OK [RutasTramos - 2025-11-13T16:10:22.093495200]
2025-11-13 16:10:27,091 INFO  a.e.u.f.msrutastramos.timer.LogJobs [scheduling-1] - Tick OK [RutasTramos - 2025-11-13T16:10:27.091607600]
2025-11-13 16:10:32,085 INFO  a.e.u.f.msrutastramos.timer.LogJobs [scheduling-1] - Tick OK [RutasTramos - 2025-11-13T16:10:32.085098600]
2025-11-13 16:10:37,081 INFO  a.e.u.f.msrutastramos.timer.LogJobs [scheduling-1] - Tick OK [RutasTramos - 2025-11-13T16:10:37.081061600]
2025-11-13 16:10:42,090 ERROR a.e.u.f.msrutastramos.timer.LogJobs [scheduling-1] - Tick ERROR [RutasTramos - 2025-11-13T16:10:42.090505400]
2025-11-13 16:10:47,087 INFO  a.e.u.f.msrutastramos.timer.LogJobs [scheduling-1] - Tick OK [RutasTramos - 2025-11-13T16:10:47.087717100]
2025-11-13 16:11:29,077 INFO  a.e.u.f.m.MsRutasTramosApplication [main] - Starting MsRutasTramosApplication using Java 21.0.3 with PID 33240 (C:\Users\54266\Desktop\prueba\backend-tpi-grupo7\ms-rutas-tramos\target\classes started by Luz  Melanie Tito in C:\Users\54266\Desktop\prueba\backend-tpi-grupo7\ms-rutas-tramos)
2025-11-13 16:11:29,078 DEBUG a.e.u.f.m.MsRutasTramosApplication [main] - Running with Spring Boot v3.4.0, Spring v6.2.0
2025-11-13 16:11:29,079 INFO  a.e.u.f.m.MsRutasTramosApplication [main] - No active profile set, falling back to 1 default profile: "default"
2025-11-13 16:11:32,646 INFO  a.e.u.f.m.MsRutasTramosApplication [main] - Started MsRutasTramosApplication in 4.148 seconds (process running for 4.481)
2025-11-13 16:11:32,651 ERROR a.e.u.f.msrutastramos.timer.LogJobs [scheduling-1] - Tick ERROR [RutasTramos - 2025-11-13T16:11:32.651629700]
2025-11-13 16:11:37,646 INFO  a.e.u.f.msrutastramos.timer.LogJobs [scheduling-1] - Tick OK [RutasTramos - 2025-11-13T16:11:37.646895600]
2025-11-13 16:11:42,649 ERROR a.e.u.f.msrutastramos.timer.LogJobs [scheduling-1] - Tick ERROR [RutasTramos - 2025-11-13T16:11:42.649377600]
2025-11-13 16:11:46,182 INFO  a.e.u.f.m.c.LogDemoController [http-nio-8084-exec-1] - Log INFO desde ms-rutas-tramos
2025-11-13 16:11:47,659 INFO  a.e.u.f.msrutastramos.timer.LogJobs [scheduling-1] - Tick OK [RutasTramos - 2025-11-13T16:11:47.659062300]
2025-11-13 16:24:04,548 INFO  a.e.u.f.m.MsRutasTramosApplication [main] - Starting MsRutasTramosApplication using Java 21.0.3 with PID 13476 (C:\Users\54266\Desktop\prueba\backend-tpi-grupo7\ms-rutas-tramos\target\classes started by Luz  Melanie Tito in C:\Users\54266\Desktop\prueba\backend-tpi-grupo7\ms-rutas-tramos)
2025-11-13 16:24:04,549 DEBUG a.e.u.f.m.MsRutasTramosApplication [main] - Running with Spring Boot v3.4.0, Spring v6.2.0
2025-11-13 16:24:04,550 INFO  a.e.u.f.m.MsRutasTramosApplication [main] - No active profile set, falling back to 1 default profile: "default"
2025-11-13 16:24:07,663 INFO  a.e.u.f.m.MsRutasTramosApplication [main] - Started MsRutasTramosApplication in 3.639 seconds (process running for 3.924)
2025-11-13 16:24:07,667 ERROR a.e.u.f.msrutastramos.timer.LogJobs [scheduling-1] - Tick ERROR [RutasTramos - 2025-11-13T16:24:07.667469700]
2025-11-13 16:24:12,664 INFO  a.e.u.f.msrutastramos.timer.LogJobs [scheduling-1] - Tick OK [RutasTramos - 2025-11-13T16:24:12.664296600]
2025-11-13 16:24:17,673 INFO  a.e.u.f.msrutastramos.timer.LogJobs [scheduling-1] - Tick OK [RutasTramos - 2025-11-13T16:24:17.673469800]
2025-11-13 16:24:22,676 ERROR a.e.u.f.msrutastramos.timer.LogJobs [scheduling-1] - Tick ERROR [RutasTramos - 2025-11-13T16:24:22.676500600]
2025-11-13 16:24:27,667 INFO  a.e.u.f.msrutastramos.timer.LogJobs [scheduling-1] - Tick OK [RutasTramos - 2025-11-13T16:24:27.667135800]
2025-11-13 16:24:32,676 ERROR a.e.u.f.msrutastramos.timer.LogJobs [scheduling-1] - Tick ERROR [RutasTramos - 2025-11-13T16:24:32.675185300]
2025-11-13 16:24:37,675 INFO  a.e.u.f.msrutastramos.timer.LogJobs [scheduling-1] - Tick OK [RutasTramos - 2025-11-13T16:24:37.675693800]
2025-11-13 16:24:42,671 INFO  a.e.u.f.msrutastramos.timer.LogJobs [scheduling-1] - Tick OK [RutasTramos - 2025-11-13T16:24:42.671224700]
2025-11-13 16:24:47,665 ERROR a.e.u.f.msrutastramos.timer.LogJobs [scheduling-1] - Tick ERROR [RutasTramos - 2025-11-13T16:24:47.665378300]
2025-11-13 16:24:52,663 ERROR a.e.u.f.msrutastramos.timer.LogJobs [scheduling-1] - Tick ERROR [RutasTramos - 2025-11-13T16:24:52.663406200]
2025-11-13 16:24:57,674 ERROR a.e.u.f.msrutastramos.timer.LogJobs [scheduling-1] - Tick ERROR [RutasTramos - 2025-11-13T16:24:57.674608200]
2025-11-13 16:27:56,014 INFO  a.e.u.f.m.MsRutasTramosApplication [main] - Starting MsRutasTramosApplication using Java 21.0.3 with PID 33436 (C:\Users\54266\Desktop\prueba\backend-tpi-grupo7\ms-rutas-tramos\target\classes started by Luz  Melanie Tito in C:\Users\54266\Desktop\prueba\backend-tpi-grupo7\ms-rutas-tramos)
2025-11-13 16:27:56,017 DEBUG a.e.u.f.m.MsRutasTramosApplication [main] - Running with Spring Boot v3.4.0, Spring v6.2.0
2025-11-13 16:27:56,018 INFO  a.e.u.f.m.MsRutasTramosApplication [main] - No active profile set, falling back to 1 default profile: "default"
2025-11-13 16:27:59,080 INFO  a.e.u.f.m.MsRutasTramosApplication [main] - Started MsRutasTramosApplication in 3.565 seconds (process running for 3.87)
2025-11-13 16:27:59,086 INFO  a.e.u.f.msrutastramos.timer.LogJobs [scheduling-1] - Tick OK [RutasTramos - 2025-11-13T16:27:59.086855100]
2025-11-13 16:28:04,080 INFO  a.e.u.f.msrutastramos.timer.LogJobs [scheduling-1] - Tick OK [RutasTramos - 2025-11-13T16:28:04.080011100]
2025-11-13 16:28:07,741 INFO  a.e.u.f.m.c.LogDemoController [http-nio-8084-exec-1] - Log INFO desde ms-rutas-tramos (hola)
2025-11-13 16:28:09,088 INFO  a.e.u.f.msrutastramos.timer.LogJobs [scheduling-1] - Tick OK [RutasTramos - 2025-11-13T16:28:09.088820500]
2025-11-13 16:28:14,081 ERROR a.e.u.f.msrutastramos.timer.LogJobs [scheduling-1] - Tick ERROR [RutasTramos - 2025-11-13T16:28:14.081556]
2025-11-13 16:28:15,779 WARN  a.e.u.f.m.c.LogDemoController [http-nio-8084-exec-2] - Log WARN desde ms-rutas-tramos (hola)
2025-11-13 16:28:19,081 ERROR a.e.u.f.msrutastramos.timer.LogJobs [scheduling-1] - Tick ERROR [RutasTramos - 2025-11-13T16:28:19.081373500]
2025-11-13 16:28:24,094 INFO  a.e.u.f.msrutastramos.timer.LogJobs [scheduling-1] - Tick OK [RutasTramos - 2025-11-13T16:28:24.094634200]
2025-11-13 16:28:25,101 ERROR a.e.u.f.m.c.LogDemoController [http-nio-8084-exec-5] - Log ERROR desde ms-rutas-tramos (hola)
java.lang.RuntimeException: Error simulado: hola
	at ar.edu.utn.frc.msrutastramos.controller.LogDemoController.logError(LogDemoController.java:33)
	at java.base/jdk.internal.reflect.DirectMethodHandleAccessor.invoke(DirectMethodHandleAccessor.java:103)
	at java.base/java.lang.reflect.Method.invoke(Method.java:580)
	at org.springframework.web.method.support.InvocableHandlerMethod.doInvoke(InvocableHandlerMethod.java:255)
	at org.springframework.web.method.support.InvocableHandlerMethod.invokeForRequest(InvocableHandlerMethod.java:188)
	at org.springframework.web.servlet.mvc.method.annotation.ServletInvocableHandlerMethod.invokeAndHandle(ServletInvocableHandlerMethod.java:118)
	at org.springframework.web.servlet.mvc.method.annotation.RequestMappingHandlerAdapter.invokeHandlerMethod(RequestMappingHandlerAdapter.java:986)
	at org.springframework.web.servlet.mvc.method.annotation.RequestMappingHandlerAdapter.handleInternal(RequestMappingHandlerAdapter.java:891)
	at org.springframework.web.servlet.mvc.method.AbstractHandlerMethodAdapter.handle(AbstractHandlerMethodAdapter.java:87)
	at org.springframework.web.servlet.DispatcherServlet.doDispatch(DispatcherServlet.java:1088)
	at org.springframework.web.servlet.DispatcherServlet.doService(DispatcherServlet.java:978)
	at org.springframework.web.servlet.FrameworkServlet.processRequest(FrameworkServlet.java:1014)
	at org.springframework.web.servlet.FrameworkServlet.doGet(FrameworkServlet.java:903)
	at jakarta.servlet.http.HttpServlet.service(HttpServlet.java:564)
	at org.springframework.web.servlet.FrameworkServlet.service(FrameworkServlet.java:885)
	at jakarta.servlet.http.HttpServlet.service(HttpServlet.java:658)
	at org.apache.catalina.core.ApplicationFilterChain.internalDoFilter(ApplicationFilterChain.java:195)
	at org.apache.catalina.core.ApplicationFilterChain.doFilter(ApplicationFilterChain.java:140)
	at org.apache.tomcat.websocket.server.WsFilter.doFilter(WsFilter.java:51)
	at org.apache.catalina.core.ApplicationFilterChain.internalDoFilter(ApplicationFilterChain.java:164)
	at org.apache.catalina.core.ApplicationFilterChain.doFilter(ApplicationFilterChain.java:140)
	at org.springframework.web.filter.RequestContextFilter.doFilterInternal(RequestContextFilter.java:100)
	at org.springframework.web.filter.OncePerRequestFilter.doFilter(OncePerRequestFilter.java:116)
	at org.apache.catalina.core.ApplicationFilterChain.internalDoFilter(ApplicationFilterChain.java:164)
	at org.apache.catalina.core.ApplicationFilterChain.doFilter(ApplicationFilterChain.java:140)
	at org.springframework.web.filter.FormContentFilter.doFilterInternal(FormContentFilter.java:93)
	at org.springframework.web.filter.OncePerRequestFilter.doFilter(OncePerRequestFilter.java:116)
	at org.apache.catalina.core.ApplicationFilterChain.internalDoFilter(ApplicationFilterChain.java:164)
	at org.apache.catalina.core.ApplicationFilterChain.doFilter(ApplicationFilterChain.java:140)
	at org.springframework.web.filter.CharacterEncodingFilter.doFilterInternal(CharacterEncodingFilter.java:201)
	at org.springframework.web.filter.OncePerRequestFilter.doFilter(OncePerRequestFilter.java:116)
	at org.apache.catalina.core.ApplicationFilterChain.internalDoFilter(ApplicationFilterChain.java:164)
	at org.apache.catalina.core.ApplicationFilterChain.doFilter(ApplicationFilterChain.java:140)
	at org.apache.catalina.core.StandardWrapperValve.invoke(StandardWrapperValve.java:167)
	at org.apache.catalina.core.StandardContextValve.invoke(StandardContextValve.java:90)
	at org.apache.catalina.authenticator.AuthenticatorBase.invoke(AuthenticatorBase.java:483)
	at org.apache.catalina.core.StandardHostValve.invoke(StandardHostValve.java:115)
	at org.apache.catalina.valves.ErrorReportValve.invoke(ErrorReportValve.java:93)
	at org.apache.catalina.core.StandardEngineValve.invoke(StandardEngineValve.java:74)
	at org.apache.catalina.connector.CoyoteAdapter.service(CoyoteAdapter.java:344)
	at org.apache.coyote.http11.Http11Processor.service(Http11Processor.java:397)
	at org.apache.coyote.AbstractProcessorLight.process(AbstractProcessorLight.java:63)
	at org.apache.coyote.AbstractProtocol$ConnectionHandler.process(AbstractProtocol.java:905)
	at org.apache.tomcat.util.net.NioEndpoint$SocketProcessor.doRun(NioEndpoint.java:1741)
	at org.apache.tomcat.util.net.SocketProcessorBase.run(SocketProcessorBase.java:52)
	at org.apache.tomcat.util.threads.ThreadPoolExecutor.runWorker(ThreadPoolExecutor.java:1190)
	at org.apache.tomcat.util.threads.ThreadPoolExecutor$Worker.run(ThreadPoolExecutor.java:659)
	at org.apache.tomcat.util.threads.TaskThread$WrappingRunnable.run(TaskThread.java:63)
	at java.base/java.lang.Thread.run(Thread.java:1583)
2025-11-13 16:28:29,094 INFO  a.e.u.f.msrutastramos.timer.LogJobs [scheduling-1] - Tick OK [RutasTramos - 2025-11-13T16:28:29.094353700]
2025-11-13 16:28:34,089 INFO  a.e.u.f.msrutastramos.timer.LogJobs [scheduling-1] - Tick OK [RutasTramos - 2025-11-13T16:28:34.089766600]
2025-11-13 16:28:39,093 INFO  a.e.u.f.msrutastramos.timer.LogJobs [scheduling-1] - Tick OK [RutasTramos - 2025-11-13T16:28:39.093689500]
2025-11-13 16:28:44,084 ERROR a.e.u.f.msrutastramos.timer.LogJobs [scheduling-1] - Tick ERROR [RutasTramos - 2025-11-13T16:28:44.084363800]
2025-11-13 16:28:49,088 ERROR a.e.u.f.msrutastramos.timer.LogJobs [scheduling-1] - Tick ERROR [RutasTramos - 2025-11-13T16:28:49.088147900]
2025-11-13 16:28:54,082 INFO  a.e.u.f.msrutastramos.timer.LogJobs [scheduling-1] - Tick OK [RutasTramos - 2025-11-13T16:28:54.082100]
2025-11-13 16:28:59,091 INFO  a.e.u.f.msrutastramos.timer.LogJobs [scheduling-1] - Tick OK [RutasTramos - 2025-11-13T16:28:59.091064800]
2025-11-13 17:31:12,157 INFO  a.e.u.f.m.MsRutasTramosApplicationTests [main] - Starting MsRutasTramosApplicationTests using Java 21.0.3 with PID 18348 (started by Luz  Melanie Tito in C:\Users\54266\Desktop\prueba\backend-tpi-grupo7\ms-rutas-tramos)
2025-11-13 17:31:12,157 DEBUG a.e.u.f.m.MsRutasTramosApplicationTests [main] - Running with Spring Boot v3.4.0, Spring v6.2.0
2025-11-13 17:31:12,158 INFO  a.e.u.f.m.MsRutasTramosApplicationTests [main] - No active profile set, falling back to 1 default profile: "default"
2025-11-13 17:31:16,093 INFO  a.e.u.f.m.MsRutasTramosApplicationTests [main] - Started MsRutasTramosApplicationTests in 4.264 seconds (process running for 5.028)
2025-11-13 17:31:16,114 INFO  a.e.u.f.msrutastramos.timer.LogJobs [scheduling-1] - Tick OK [RutasTramos - 2025-11-13T17:31:16.114736]
2025-11-13 17:33:25,068 INFO  a.e.u.f.m.MsRutasTramosApplicationTests [main] - Starting MsRutasTramosApplicationTests using Java 21.0.3 with PID 15136 (started by Luz  Melanie Tito in C:\Users\54266\Desktop\prueba\backend-tpi-grupo7\ms-rutas-tramos)
2025-11-13 17:33:25,068 DEBUG a.e.u.f.m.MsRutasTramosApplicationTests [main] - Running with Spring Boot v3.4.0, Spring v6.2.0
2025-11-13 17:33:25,069 INFO  a.e.u.f.m.MsRutasTramosApplicationTests [main] - No active profile set, falling back to 1 default profile: "default"
2025-11-13 17:33:28,389 INFO  a.e.u.f.m.MsRutasTramosApplicationTests [main] - Started MsRutasTramosApplicationTests in 3.634 seconds (process running for 4.309)
2025-11-13 17:33:28,409 INFO  a.e.u.f.msrutastramos.timer.LogJobs [scheduling-1] - Tick OK [RutasTramos - 2025-11-13T17:33:28.409507]
2025-11-13 17:40:31,845 INFO  a.e.u.f.m.MsRutasTramosApplication [main] - Starting MsRutasTramosApplication using Java 21.0.3 with PID 7176 (C:\Users\54266\Desktop\prueba\backend-tpi-grupo7\ms-rutas-tramos\target\classes started by Luz  Melanie Tito in C:\Users\54266\Desktop\prueba\backend-tpi-grupo7\ms-rutas-tramos)
2025-11-13 17:40:31,846 DEBUG a.e.u.f.m.MsRutasTramosApplication [main] - Running with Spring Boot v3.4.0, Spring v6.2.0
2025-11-13 17:40:31,847 INFO  a.e.u.f.m.MsRutasTramosApplication [main] - No active profile set, falling back to 1 default profile: "default"
2025-11-13 17:40:34,039 INFO  a.e.u.f.m.MsRutasTramosApplication [main] - Started MsRutasTramosApplication in 2.544 seconds (process running for 2.755)
2025-11-13 17:40:34,043 INFO  a.e.u.f.msrutastramos.timer.LogJobs [scheduling-1] - Tick OK [RutasTramos - 2025-11-13T17:40:34.043664100]
2025-11-13 17:40:39,049 INFO  a.e.u.f.msrutastramos.timer.LogJobs [scheduling-1] - Tick OK [RutasTramos - 2025-11-13T17:40:39.049253400]
2025-11-13 17:40:44,044 ERROR a.e.u.f.msrutastramos.timer.LogJobs [scheduling-1] - Tick ERROR [RutasTramos - 2025-11-13T17:40:44.044344600]
2025-11-13 17:40:49,052 ERROR a.e.u.f.msrutastramos.timer.LogJobs [scheduling-1] - Tick ERROR [RutasTramos - 2025-11-13T17:40:49.052587400]
2025-11-13 17:40:54,038 INFO  a.e.u.f.msrutastramos.timer.LogJobs [scheduling-1] - Tick OK [RutasTramos - 2025-11-13T17:40:54.038844]
2025-11-13 17:40:59,053 ERROR a.e.u.f.msrutastramos.timer.LogJobs [scheduling-1] - Tick ERROR [RutasTramos - 2025-11-13T17:40:59.053351300]
2025-11-13 17:41:04,043 ERROR a.e.u.f.msrutastramos.timer.LogJobs [scheduling-1] - Tick ERROR [RutasTramos - 2025-11-13T17:41:04.043910]
2025-11-13 17:41:09,052 ERROR a.e.u.f.msrutastramos.timer.LogJobs [scheduling-1] - Tick ERROR [RutasTramos - 2025-11-13T17:41:09.052774800]
2025-11-13 17:41:14,053 INFO  a.e.u.f.msrutastramos.timer.LogJobs [scheduling-1] - Tick OK [RutasTramos - 2025-11-13T17:41:14.053820]
2025-11-13 17:41:19,048 INFO  a.e.u.f.msrutastramos.timer.LogJobs [scheduling-1] - Tick OK [RutasTramos - 2025-11-13T17:41:19.048305500]
2025-11-13 19:12:45,311 INFO  a.e.u.f.m.MsRutasTramosApplication [main] - Starting MsRutasTramosApplication using Java 21.0.3 with PID 12980 (C:\Users\54266\Desktop\prueba\backend-tpi-grupo7\ms-rutas-tramos\target\classes started by Luz  Melanie Tito in C:\Users\54266\Desktop\prueba\backend-tpi-grupo7\ms-rutas-tramos)
2025-11-13 19:12:45,315 DEBUG a.e.u.f.m.MsRutasTramosApplication [main] - Running with Spring Boot v3.4.0, Spring v6.2.0
2025-11-13 19:12:45,315 INFO  a.e.u.f.m.MsRutasTramosApplication [main] - No active profile set, falling back to 1 default profile: "default"
2025-11-13 19:12:48,637 INFO  a.e.u.f.m.MsRutasTramosApplication [main] - Started MsRutasTramosApplication in 3.895 seconds (process running for 4.191)
2025-11-13 19:12:48,642 ERROR a.e.u.f.msrutastramos.timer.LogJobs [scheduling-1] - Tick ERROR [RutasTramos - 2025-11-13T19:12:48.642060400]
2025-11-13 19:12:53,649 INFO  a.e.u.f.msrutastramos.timer.LogJobs [scheduling-1] - Tick OK [RutasTramos - 2025-11-13T19:12:53.649261]
2025-11-13 19:12:58,640 INFO  a.e.u.f.msrutastramos.timer.LogJobs [scheduling-1] - Tick OK [RutasTramos - 2025-11-13T19:12:58.640012600]
2025-11-13 19:13:03,645 ERROR a.e.u.f.msrutastramos.timer.LogJobs [scheduling-1] - Tick ERROR [RutasTramos - 2025-11-13T19:13:03.645778100]
2025-11-13 19:13:08,648 ERROR a.e.u.f.msrutastramos.timer.LogJobs [scheduling-1] - Tick ERROR [RutasTramos - 2025-11-13T19:13:08.648073100]
2025-11-13 19:13:13,646 ERROR a.e.u.f.msrutastramos.timer.LogJobs [scheduling-1] - Tick ERROR [RutasTramos - 2025-11-13T19:13:13.646917]
2025-11-13 19:13:59,163 INFO  a.e.u.f.m.MsRutasTramosApplication [main] - Starting MsRutasTramosApplication using Java 21.0.3 with PID 8000 (C:\Users\54266\Desktop\prueba\backend-tpi-grupo7\ms-rutas-tramos\target\classes started by Luz  Melanie Tito in C:\Users\54266\Desktop\prueba\backend-tpi-grupo7\ms-rutas-tramos)
2025-11-13 19:13:59,164 DEBUG a.e.u.f.m.MsRutasTramosApplication [main] - Running with Spring Boot v3.4.0, Spring v6.2.0
2025-11-13 19:13:59,166 INFO  a.e.u.f.m.MsRutasTramosApplication [main] - No active profile set, falling back to 1 default profile: "default"
2025-11-13 19:14:02,366 INFO  a.e.u.f.m.MsRutasTramosApplication [main] - Started MsRutasTramosApplication in 3.835 seconds (process running for 4.179)
2025-11-13 19:14:02,373 INFO  a.e.u.f.msrutastramos.timer.LogJobs [scheduling-1] - Tick OK [RutasTramos - 2025-11-13T19:14:02.373259700]
2025-11-13 19:14:07,373 INFO  a.e.u.f.msrutastramos.timer.LogJobs [scheduling-1] - Tick OK [RutasTramos - 2025-11-13T19:14:07.373913100]
2025-11-13 19:14:12,364 ERROR a.e.u.f.msrutastramos.timer.LogJobs [scheduling-1] - Tick ERROR [RutasTramos - 2025-11-13T19:14:12.364378600]
2025-11-13 19:26:04,832 INFO  a.e.u.f.m.MsRutasTramosApplicationTests [main] - Starting MsRutasTramosApplicationTests using Java 21.0.3 with PID 13584 (started by Luz  Melanie Tito in C:\Users\54266\Desktop\prueba\backend-tpi-grupo7\ms-rutas-tramos)
2025-11-13 19:26:04,834 DEBUG a.e.u.f.m.MsRutasTramosApplicationTests [main] - Running with Spring Boot v3.4.0, Spring v6.2.0
2025-11-13 19:26:04,834 INFO  a.e.u.f.m.MsRutasTramosApplicationTests [main] - No active profile set, falling back to 1 default profile: "default"
2025-11-13 19:26:09,655 INFO  a.e.u.f.m.MsRutasTramosApplicationTests [main] - Started MsRutasTramosApplicationTests in 5.314 seconds (process running for 6.486)
2025-11-13 19:26:09,698 INFO  a.e.u.f.msrutastramos.timer.LogJobs [scheduling-1] - Tick OK [RutasTramos - 2025-11-13T19:26:09.698204600]
2025-11-13 20:00:43,939 INFO  a.e.u.f.m.MsRutasTramosApplicationTests [main] - Starting MsRutasTramosApplicationTests using Java 21.0.3 with PID 4108 (started by Luz  Melanie Tito in C:\Users\54266\Desktop\prueba\backend-tpi-grupo7\ms-rutas-tramos)
2025-11-13 20:00:43,941 DEBUG a.e.u.f.m.MsRutasTramosApplicationTests [main] - Running with Spring Boot v3.4.0, Spring v6.2.0
2025-11-13 20:00:43,941 INFO  a.e.u.f.m.MsRutasTramosApplicationTests [main] - No active profile set, falling back to 1 default profile: "default"
2025-11-13 20:00:49,042 INFO  a.e.u.f.m.MsRutasTramosApplicationTests [main] - Started MsRutasTramosApplicationTests in 5.555 seconds (process running for 6.598)
2025-11-13 20:00:49,048 ERROR a.e.u.f.msrutastramos.timer.LogJobs [scheduling-1] - Tick ERROR [RutasTramos - 2025-11-13T20:00:49.048272500]
